<?xml version="1.0" encoding="UTF-8"?>
<coverage generated="1651461704932" clover="3.2.0">
  <project timestamp="1651461704932" name="All files">
    <metrics statements="25" coveredstatements="25" conditionals="0" coveredconditionals="0" methods="13" coveredmethods="13" elements="38" coveredelements="38" complexity="0" loc="25" ncloc="25" packages="1" files="4" classes="4"/>
    <file name="Employee.js" path="/Users/walkerjezek/Desktop/Team-Profile-Generator/lib/Employee.js">
      <metrics statements="8" coveredstatements="8" conditionals="0" coveredconditionals="0" methods="5" coveredmethods="5"/>
      <line num="20" count="4" type="stmt"/>
      <line num="21" count="4" type="stmt"/>
      <line num="22" count="4" type="stmt"/>
      <line num="25" count="4" type="stmt"/>
      <line num="28" count="4" type="stmt"/>
      <line num="31" count="4" type="stmt"/>
      <line num="35" count="1" type="stmt"/>
      <line num="39" count="4" type="stmt"/>
    </file>
    <file name="Engineer.js" path="/Users/walkerjezek/Desktop/Team-Profile-Generator/lib/Engineer.js">
      <metrics statements="6" coveredstatements="6" conditionals="0" coveredconditionals="0" methods="3" coveredmethods="3"/>
      <line num="11" count="1" type="stmt"/>
      <line num="17" count="1" type="stmt"/>
      <line num="18" count="1" type="stmt"/>
      <line num="21" count="1" type="stmt"/>
      <line num="24" count="1" type="stmt"/>
      <line num="29" count="1" type="stmt"/>
    </file>
    <file name="Intern.js" path="/Users/walkerjezek/Desktop/Team-Profile-Generator/lib/Intern.js">
      <metrics statements="6" coveredstatements="6" conditionals="0" coveredconditionals="0" methods="3" coveredmethods="3"/>
      <line num="11" count="1" type="stmt"/>
      <line num="16" count="1" type="stmt"/>
      <line num="17" count="1" type="stmt"/>
      <line num="20" count="1" type="stmt"/>
      <line num="23" count="1" type="stmt"/>
      <line num="27" count="1" type="stmt"/>
    </file>
    <file name="Manager.js" path="/Users/walkerjezek/Desktop/Team-Profile-Generator/lib/Manager.js">
      <metrics statements="5" coveredstatements="5" conditionals="0" coveredconditionals="0" methods="2" coveredmethods="2"/>
      <line num="11" count="1" type="stmt"/>
      <line num="18" count="1" type="stmt"/>
      <line num="19" count="1" type="stmt"/>
      <line num="22" count="1" type="stmt"/>
      <line num="26" count="1" type="stmt"/>
    </file>
  </project>
</coverage>
