{"/Users/walkerjezek/Desktop/Team-Profile-Generator/lib/Employee.js": {"path":"/Users/walkerjezek/Desktop/Team-Profile-Generator/lib/Employee.js","statementMap":{"0":{"start":{"line":20,"column":8},"end":{"line":20,"column":25}},"1":{"start":{"line":21,"column":8},"end":{"line":21,"column":21}},"2":{"start":{"line":22,"column":8},"end":{"line":22,"column":27}},"3":{"start":{"line":25,"column":8},"end":{"line":25,"column":24}},"4":{"start":{"line":28,"column":8},"end":{"line":28,"column":22}},"5":{"start":{"line":31,"column":8},"end":{"line":31,"column":25}},"6":{"start":{"line":35,"column":8},"end":{"line":35,"column":36}},"7":{"start":{"line":39,"column":0},"end":{"line":39,"column":26}}},"fnMap":{"0":{"name":"(anonymous_0)","decl":{"start":{"line":19,"column":4},"end":{"line":19,"column":5}},"loc":{"start":{"line":19,"column":33},"end":{"line":23,"column":5}},"line":19},"1":{"name":"(anonymous_1)","decl":{"start":{"line":24,"column":4},"end":{"line":24,"column":5}},"loc":{"start":{"line":24,"column":14},"end":{"line":26,"column":5}},"line":24},"2":{"name":"(anonymous_2)","decl":{"start":{"line":27,"column":4},"end":{"line":27,"column":5}},"loc":{"start":{"line":27,"column":12},"end":{"line":29,"column":5}},"line":27},"3":{"name":"(anonymous_3)","decl":{"start":{"line":30,"column":4},"end":{"line":30,"column":5}},"loc":{"start":{"line":30,"column":15},"end":{"line":32,"column":5}},"line":30},"4":{"name":"(anonymous_4)","decl":{"start":{"line":33,"column":4},"end":{"line":33,"column":5}},"loc":{"start":{"line":33,"column":14},"end":{"line":36,"column":5}},"line":33}},"branchMap":{},"s":{"0":4,"1":4,"2":4,"3":4,"4":4,"5":4,"6":1,"7":4},"f":{"0":4,"1":4,"2":4,"3":4,"4":1},"b":{},"_coverageSchema":"1a1c01bbd47fc00a2c39e90264f33305004495a9","hash":"dacf1a4d12b226fcda3cbb44297a9126fa749adf"}
,"/Users/walkerjezek/Desktop/Team-Profile-Generator/lib/Engineer.js": {"path":"/Users/walkerjezek/Desktop/Team-Profile-Generator/lib/Engineer.js","statementMap":{"0":{"start":{"line":11,"column":17},"end":{"line":11,"column":38}},"1":{"start":{"line":17,"column":8},"end":{"line":17,"column":31}},"2":{"start":{"line":18,"column":8},"end":{"line":18,"column":29}},"3":{"start":{"line":21,"column":8},"end":{"line":21,"column":26}},"4":{"start":{"line":24,"column":8},"end":{"line":24,"column":37}},"5":{"start":{"line":29,"column":0},"end":{"line":29,"column":26}}},"fnMap":{"0":{"name":"(anonymous_0)","decl":{"start":{"line":15,"column":4},"end":{"line":15,"column":5}},"loc":{"start":{"line":15,"column":41},"end":{"line":19,"column":5}},"line":15},"1":{"name":"(anonymous_1)","decl":{"start":{"line":20,"column":4},"end":{"line":20,"column":5}},"loc":{"start":{"line":20,"column":16},"end":{"line":22,"column":5}},"line":20},"2":{"name":"(anonymous_2)","decl":{"start":{"line":23,"column":4},"end":{"line":23,"column":5}},"loc":{"start":{"line":23,"column":14},"end":{"line":25,"column":5}},"line":23}},"branchMap":{},"s":{"0":1,"1":1,"2":1,"3":1,"4":1,"5":1},"f":{"0":1,"1":1,"2":1},"b":{},"_coverageSchema":"1a1c01bbd47fc00a2c39e90264f33305004495a9","hash":"f9b693c9e2380264755ca651d4f4313652079878"}
,"/Users/walkerjezek/Desktop/Team-Profile-Generator/lib/Intern.js": {"path":"/Users/walkerjezek/Desktop/Team-Profile-Generator/lib/Intern.js","statementMap":{"0":{"start":{"line":11,"column":17},"end":{"line":11,"column":38}},"1":{"start":{"line":16,"column":8},"end":{"line":16,"column":31}},"2":{"start":{"line":17,"column":8},"end":{"line":17,"column":29}},"3":{"start":{"line":20,"column":8},"end":{"line":20,"column":26}},"4":{"start":{"line":23,"column":8},"end":{"line":23,"column":37}},"5":{"start":{"line":27,"column":0},"end":{"line":27,"column":24}}},"fnMap":{"0":{"name":"(anonymous_0)","decl":{"start":{"line":15,"column":4},"end":{"line":15,"column":5}},"loc":{"start":{"line":15,"column":41},"end":{"line":18,"column":5}},"line":15},"1":{"name":"(anonymous_1)","decl":{"start":{"line":19,"column":4},"end":{"line":19,"column":5}},"loc":{"start":{"line":19,"column":16},"end":{"line":21,"column":5}},"line":19},"2":{"name":"(anonymous_2)","decl":{"start":{"line":22,"column":4},"end":{"line":22,"column":5}},"loc":{"start":{"line":22,"column":14},"end":{"line":24,"column":5}},"line":22}},"branchMap":{},"s":{"0":1,"1":1,"2":1,"3":1,"4":1,"5":1},"f":{"0":1,"1":1,"2":1},"b":{},"_coverageSchema":"1a1c01bbd47fc00a2c39e90264f33305004495a9","hash":"7113e687a5970b72c84c1a563eacb69829ed29bc"}
,"/Users/walkerjezek/Desktop/Team-Profile-Generator/lib/Manager.js": {"path":"/Users/walkerjezek/Desktop/Team-Profile-Generator/lib/Manager.js","statementMap":{"0":{"start":{"line":11,"column":17},"end":{"line":11,"column":38}},"1":{"start":{"line":18,"column":8},"end":{"line":18,"column":30}},"2":{"start":{"line":19,"column":8},"end":{"line":19,"column":41}},"3":{"start":{"line":22,"column":8},"end":{"line":22,"column":36}},"4":{"start":{"line":26,"column":0},"end":{"line":26,"column":25}}},"fnMap":{"0":{"name":"(anonymous_0)","decl":{"start":{"line":15,"column":4},"end":{"line":15,"column":5}},"loc":{"start":{"line":15,"column":47},"end":{"line":20,"column":5}},"line":15},"1":{"name":"(anonymous_1)","decl":{"start":{"line":21,"column":4},"end":{"line":21,"column":5}},"loc":{"start":{"line":21,"column":14},"end":{"line":23,"column":5}},"line":21}},"branchMap":{},"s":{"0":1,"1":1,"2":1,"3":1,"4":1},"f":{"0":1,"1":1},"b":{},"_coverageSchema":"1a1c01bbd47fc00a2c39e90264f33305004495a9","hash":"862be458381498c031b2f19bf6f1584477027682"}
}
